  Animation.cpp
  Audio.cpp
  Engine.cpp
  EntityManager.cpp
  Input.cpp
  Item.cpp
  Log.cpp
  Map.cpp
  PerfTimer.cpp
  Physics.cpp
  PlatformGame.cpp
  Player.cpp
  Render.cpp
  Scene.cpp
  Textures.cpp
  Timer.cpp
  Vector2D.cpp
C:\Users\jiazd\Desktop\PlatformGame\src\Timer.cpp(18,26): warning C4244: '=': conversión de 'Uint64' a 'int'; posible pérdida de datos
C:\Users\jiazd\Desktop\PlatformGame\src\Timer.cpp(23,38): warning C4244: 'return': conversión de 'Uint64' a 'int'; posible pérdida de datos
  Window.cpp
  Generando código...
  PlatformGame.vcxproj -> C:\Users\jiazd\Desktop\PlatformGame\x64\Debug\PlatformGame.exe
  C:\Users\jiazd\Desktop\PlatformGame\Assets\Audio\Fx\coin-collision-sound-342335.wav
  C:\Users\jiazd\Desktop\PlatformGame\Assets\Audio\Fx\retro-video-game-coin-pickup-38299.ogg
  C:\Users\jiazd\Desktop\PlatformGame\Assets\Audio\Music\level-iv-339695.wav
  C:\Users\jiazd\Desktop\PlatformGame\Assets\Maps\MapMetadata.png
  C:\Users\jiazd\Desktop\PlatformGame\Assets\Maps\MapTemplate.tmx
  C:\Users\jiazd\Desktop\PlatformGame\Assets\Maps\tmw_desert_spacing.png
  C:\Users\jiazd\Desktop\PlatformGame\Assets\Textures\goldCoin.png
  C:\Users\jiazd\Desktop\PlatformGame\Assets\Textures\player1.png
  C:\Users\jiazd\Desktop\PlatformGame\Assets\Textures\player2_spritesheet.png
  C:\Users\jiazd\Desktop\PlatformGame\Assets\Textures\Player2_Spritesheet.tsx
  C:\Users\jiazd\Desktop\PlatformGame\Assets\Textures\test.png
  11 archivo(s) copiado(s)
